0 info it worked if it ends with ok
1 verbose cli [ 'D:\\nodejs\\node.exe',
1 verbose cli   'D:\\nodejs\\node_modules\\npm\\bin\\npm-cli.js',
1 verbose cli   'start' ]
2 info using npm@3.10.10
3 info using node@v6.11.1
4 verbose run-script [ 'prestart', 'start', 'poststart' ]
5 info lifecycle Demo@1.0.0~prestart: Demo@1.0.0
6 silly lifecycle Demo@1.0.0~prestart: no script for prestart, continuing
7 info lifecycle Demo@1.0.0~start: Demo@1.0.0
8 verbose lifecycle Demo@1.0.0~start: unsafe-perm in lifecycle true
9 verbose lifecycle Demo@1.0.0~start: PATH: D:\nodejs\node_modules\npm\bin\node-gyp-bin;D:\MyGitHub\misc\node_modules\.bin;C:\Program Files\Microsoft MPI\Bin\;C:\Windows\system32;C:\Windows;C:\Windows\System32\Wbem;C:\Windows\System32\WindowsPowerShell\v1.0\;C:\Users\user\.dnx\bin;C:\Program Files\Microsoft DNX\Dnvm\;C:\Program Files\Microsoft SQL Server\120\Tools\Binn\;C:\Program Files\Microsoft SQL Server\130\Tools\Binn\;C:\Program Files\dotnet\;C:\Program Files\Anaconda3;C:\Program Files\Anaconda3\Scripts;C:\Program Files\Anaconda3\Library\bin;C:\Program Files\Git\cmd;C:\Program Files (x86)\GtkSharp\2.12\bin;C:\Program Files (x86)\Microsoft SQL Server\Client SDK\ODBC\130\Tools\Binn\;C:\Program Files (x86)\Microsoft SQL Server\130\Tools\Binn\;C:\Program Files (x86)\Microsoft SQL Server\130\DTS\Binn\;C:\Program Files (x86)\Microsoft SQL Server\130\Tools\Binn\ManagementStudio\;D:\nodejs\;C:\Users\user\AppData\Local\Microsoft\WindowsApps;C:\Users\user\AppData\Roaming\npm
10 verbose lifecycle Demo@1.0.0~start: CWD: D:\MyGitHub\misc
11 silly lifecycle Demo@1.0.0~start: Args: [ '/d /s /c', 'npm run lite' ]
12 silly lifecycle Demo@1.0.0~start: Returned: code: 1  signal: null
13 info lifecycle Demo@1.0.0~start: Failed to exec start script
14 verbose stack Error: Demo@1.0.0 start: `npm run lite`
14 verbose stack Exit status 1
14 verbose stack     at EventEmitter.<anonymous> (D:\nodejs\node_modules\npm\lib\utils\lifecycle.js:255:16)
14 verbose stack     at emitTwo (events.js:106:13)
14 verbose stack     at EventEmitter.emit (events.js:191:7)
14 verbose stack     at ChildProcess.<anonymous> (D:\nodejs\node_modules\npm\lib\utils\spawn.js:40:14)
14 verbose stack     at emitTwo (events.js:106:13)
14 verbose stack     at ChildProcess.emit (events.js:191:7)
14 verbose stack     at maybeClose (internal/child_process.js:891:16)
14 verbose stack     at Process.ChildProcess._handle.onexit (internal/child_process.js:226:5)
15 verbose pkgid Demo@1.0.0
16 verbose cwd D:\MyGitHub\misc
17 error Windows_NT 10.0.15063
18 error argv "D:\\nodejs\\node.exe" "D:\\nodejs\\node_modules\\npm\\bin\\npm-cli.js" "start"
19 error node v6.11.1
20 error npm  v3.10.10
21 error code ELIFECYCLE
22 error Demo@1.0.0 start: `npm run lite`
22 error Exit status 1
23 error Failed at the Demo@1.0.0 start script 'npm run lite'.
23 error Make sure you have the latest version of node.js and npm installed.
23 error If you do, this is most likely a problem with the Demo package,
23 error not with npm itself.
23 error Tell the author that this fails on your system:
23 error     npm run lite
23 error You can get information on how to open an issue for this project with:
23 error     npm bugs Demo
23 error Or if that isn't available, you can get their info via:
23 error     npm owner ls Demo
23 error There is likely additional logging output above.
24 verbose exit [ 1, true ]
